Using pre-set license
Built from '2020.3/china_unity/release' branch; Version is '2020.3.33f1c2 (8e753a737e7b) revision 9336122'; Using compiler version '192528614'; Build Type 'Release'
OS: 'Windows 10  (10.0.19044) 64bit CoreCountrySpecific' Language: 'zh' Physical Memory: 16167 MB
BatchMode: 1, IsHumanControllingUs: 0, StartBugReporterOnCrash: 0, Is64bit: 1, IsPro: 0

COMMAND LINE ARGUMENTS:
C:\Program Files\Unity 2020.3.33f1c2\Editor\Unity.exe
-adb2
-batchMode
-noUpm
-name
AssetImportWorker0
-projectPath
D:/bugu/rouge
-logFile
Logs/AssetImportWorker0.log
-srvPort
14759
Successfully changed project path to: D:/bugu/rouge
D:/bugu/rouge
Using Asset Import Pipeline V2.
AS: AutoStreaming module initializing.Refreshing native plugins compatible for Editor in 76.95 ms, found 3 plugins.
Preloading 0 native plugins for Editor in 0.00 ms.
Initialize engine version: 2020.3.33f1c2 (8e753a737e7b)
[Subsystems] Discovering subsystems at path C:/Program Files/Unity 2020.3.33f1c2/Editor/Data/Resources/UnitySubsystems
[Subsystems] Discovering subsystems at path D:/bugu/rouge/Assets
GfxDevice: creating device client; threaded=0
Direct3D:
    Version:  Direct3D 11.0 [level 11.1]
    Renderer: NVIDIA GeForce RTX 3050 Ti Laptop GPU (ID=0x25e0)
    Vendor:   
    VRAM:     3990 MB
    Driver:   30.0.14.7256
Initialize mono
Mono path[0] = 'C:/Program Files/Unity 2020.3.33f1c2/Editor/Data/Managed'
Mono path[1] = 'C:/Program Files/Unity 2020.3.33f1c2/Editor/Data/MonoBleedingEdge/lib/mono/unityjit'
Mono config path = 'C:/Program Files/Unity 2020.3.33f1c2/Editor/Data/MonoBleedingEdge/etc'
Using monoOptions --debugger-agent=transport=dt_socket,embedding=1,server=y,suspend=n,address=127.0.0.1:56584
Begin MonoManager ReloadAssembly
Registering precompiled unity dll's ...
Register platform support module: C:/Program Files/Unity 2020.3.33f1c2/Editor/Data/PlaybackEngines/WindowsStandaloneSupport/UnityEditor.WindowsStandalone.Extensions.dll
Registered in 0.003486 seconds.
Native extension for WindowsStandalone target not found
Refreshing native plugins compatible for Editor in 81.44 ms, found 3 plugins.
Preloading 0 native plugins for Editor in 0.00 ms.
Mono: successfully reloaded assembly
- Completed reload, in  0.646 seconds
Domain Reload Profiling:
	ReloadAssembly (646ms)
		BeginReloadAssembly (85ms)
			ExecutionOrderSort (0ms)
			DisableScriptedObjects (0ms)
			BackupInstance (0ms)
			ReleaseScriptingObjects (0ms)
			CreateAndSetChildDomain (1ms)
		EndReloadAssembly (490ms)
			LoadAssemblies (82ms)
			RebuildTransferFunctionScriptingTraits (0ms)
			SetupTypeCache (141ms)
			ReleaseScriptCaches (0ms)
			RebuildScriptCaches (26ms)
			SetupLoadedEditorAssemblies (210ms)
				LogAssemblyErrors (0ms)
				InitializePlatformSupportModulesInManaged (4ms)
				SetLoadedEditorAssemblies (0ms)
				RefreshPlugins (82ms)
				BeforeProcessingInitializeOnLoad (17ms)
				ProcessInitializeOnLoadAttributes (79ms)
				ProcessInitializeOnLoadMethodAttributes (27ms)
				AfterProcessingInitializeOnLoad (0ms)
				EditorAssembliesLoaded (0ms)
			ExecutionOrderSort2 (0ms)
			AwakeInstancesAfterBackupRestoration (0ms)
Platform modules already initialized, skipping
Registering precompiled user dll's ...
Registered in 0.004522 seconds.
Begin MonoManager ReloadAssembly
Symbol file LoadedFromMemory doesn't match image D:\bugu\rouge\Library\PackageCache\com.unity.collab-proxy@1.15.15\Lib\Editor\PlasticSCM\unityplastic.dll
Native extension for WindowsStandalone target not found
Refreshing native plugins compatible for Editor in 70.91 ms, found 3 plugins.
Preloading 0 native plugins for Editor in 0.00 ms.
Mono: successfully reloaded assembly
- Completed reload, in  0.975 seconds
Domain Reload Profiling:
	ReloadAssembly (975ms)
		BeginReloadAssembly (136ms)
			ExecutionOrderSort (0ms)
			DisableScriptedObjects (3ms)
			BackupInstance (0ms)
			ReleaseScriptingObjects (0ms)
			CreateAndSetChildDomain (16ms)
		EndReloadAssembly (782ms)
			LoadAssemblies (109ms)
			RebuildTransferFunctionScriptingTraits (0ms)
			SetupTypeCache (224ms)
			ReleaseScriptCaches (0ms)
			RebuildScriptCaches (42ms)
			SetupLoadedEditorAssemblies (345ms)
				LogAssemblyErrors (0ms)
				InitializePlatformSupportModulesInManaged (3ms)
				SetLoadedEditorAssemblies (0ms)
				RefreshPlugins (71ms)
				BeforeProcessingInitializeOnLoad (79ms)
				ProcessInitializeOnLoadAttributes (168ms)
				ProcessInitializeOnLoadMethodAttributes (14ms)
				AfterProcessingInitializeOnLoad (10ms)
				EditorAssembliesLoaded (0ms)
			ExecutionOrderSort2 (0ms)
			AwakeInstancesAfterBackupRestoration (4ms)
Platform modules already initialized, skipping
========================================================================
Worker process is ready to serve import requests
Launched and connected shader compiler UnityShaderCompiler.exe after 0.06 seconds
Refreshing native plugins compatible for Editor in 0.92 ms, found 3 plugins.
Preloading 0 native plugins for Editor in 0.00 ms.
Unloading 2560 Unused Serialized files (Serialized files now loaded: 0)
System memory in use before: 115.0 MB.
System memory in use after: 115.2 MB.

Unloading 27 unused Assets to reduce memory usage. Loaded Objects now: 3001.
Total: 2.863500 ms (FindLiveObjects: 0.146700 ms CreateObjectMapping: 0.050100 ms MarkObjects: 2.584200 ms  DeleteObjects: 0.081600 ms)

AssetImportParameters requested are different than current active one (requested -> active):
  custom:framework-win-MediaFoundation: 216162199b28c13a410421893ffa2e32 -> 
  custom:video-decoder-ogg-theora: a1e56fd34408186e4bbccfd4996cb3dc -> 
  custom:container-muxer-webm: aa71ff27fc2769a1b78a27578f13a17b -> 
  custom:container-demuxer-webm: 4f35f7cbe854078d1ac9338744f61a02 -> 
  custom:container-demuxer-ogg: 62fdf1f143b41e24485cea50d1cbac27 -> 
  custom:video-encoder-webm-vp8: eb34c28f22e8b96e1ab97ce403110664 -> 
  custom:video-codec-MediaFoundation-h265: 746d11721c4dcdbdad8f713fa42b33f4 -> 
  custom:video-decoder-webm-vp8: 9c59270c3fd7afecdb556c50c9e8de78 -> 
  custom:audio-decoder-ogg-vorbis: bf7c407c2cedff20999df2af8eb42d56 -> 
  custom:audio-encoder-webm-vorbis: bf7c407c2cedff20999df2af8eb42d56 -> 
========================================================================
Received Import Request.
  path: Assets/Scenes/CXH/道具/Scripts/Box.cs
  artifactKey: Guid(b4a0d56ff5d002c40905017f6195d51f) Importer(815301076,1909f56bfc062723c751e8b465ee728b)
Start importing Assets/Scenes/CXH/道具/Scripts/Box.cs using Guid(b4a0d56ff5d002c40905017f6195d51f) Importer(815301076,1909f56bfc062723c751e8b465ee728b)  -> (artifact id: 'f8b31539b7eefc1b154edbc957b54cbe') in 0.033407 seconds 
========================================================================
Received Prepare
Registering precompiled user dll's ...
Registered in 0.003443 seconds.
Begin MonoManager ReloadAssembly
Symbol file LoadedFromMemory doesn't match image D:\bugu\rouge\Library\PackageCache\com.unity.collab-proxy@1.15.15\Lib\Editor\PlasticSCM\unityplastic.dll
Native extension for WindowsStandalone target not found
Refreshing native plugins compatible for Editor in 0.86 ms, found 3 plugins.
Preloading 0 native plugins for Editor in 0.00 ms.
Mono: successfully reloaded assembly
- Completed reload, in  0.957 seconds
Domain Reload Profiling:
	ReloadAssembly (957ms)
		BeginReloadAssembly (143ms)
			ExecutionOrderSort (0ms)
			DisableScriptedObjects (8ms)
			BackupInstance (0ms)
			ReleaseScriptingObjects (0ms)
			CreateAndSetChildDomain (38ms)
		EndReloadAssembly (749ms)
			LoadAssemblies (123ms)
			RebuildTransferFunctionScriptingTraits (0ms)
			SetupTypeCache (253ms)
			ReleaseScriptCaches (1ms)
			RebuildScriptCaches (39ms)
			SetupLoadedEditorAssemblies (283ms)
				LogAssemblyErrors (0ms)
				InitializePlatformSupportModulesInManaged (4ms)
				SetLoadedEditorAssemblies (0ms)
				RefreshPlugins (1ms)
				BeforeProcessingInitializeOnLoad (76ms)
				ProcessInitializeOnLoadAttributes (177ms)
				ProcessInitializeOnLoadMethodAttributes (12ms)
				AfterProcessingInitializeOnLoad (14ms)
				EditorAssembliesLoaded (0ms)
			ExecutionOrderSort2 (0ms)
			AwakeInstancesAfterBackupRestoration (8ms)
Platform modules already initialized, skipping
Refreshing native plugins compatible for Editor in 1.06 ms, found 3 plugins.
Preloading 0 native plugins for Editor in 0.00 ms.
Unloading 2526 Unused Serialized files (Serialized files now loaded: 0)
System memory in use before: 112.5 MB.
System memory in use after: 112.7 MB.

Unloading 20 unused Assets to reduce memory usage. Loaded Objects now: 3000.
Total: 2.656400 ms (FindLiveObjects: 0.193400 ms CreateObjectMapping: 0.079700 ms MarkObjects: 2.353200 ms  DeleteObjects: 0.028800 ms)

AssetImportParameters requested are different than current active one (requested -> active):
  custom:framework-win-MediaFoundation: 216162199b28c13a410421893ffa2e32 -> 
  custom:video-decoder-ogg-theora: a1e56fd34408186e4bbccfd4996cb3dc -> 
  custom:container-muxer-webm: aa71ff27fc2769a1b78a27578f13a17b -> 
  custom:container-demuxer-webm: 4f35f7cbe854078d1ac9338744f61a02 -> 
  custom:container-demuxer-ogg: 62fdf1f143b41e24485cea50d1cbac27 -> 
  custom:video-encoder-webm-vp8: eb34c28f22e8b96e1ab97ce403110664 -> 
  custom:video-codec-MediaFoundation-h265: 746d11721c4dcdbdad8f713fa42b33f4 -> 
  custom:video-decoder-webm-vp8: 9c59270c3fd7afecdb556c50c9e8de78 -> 
  custom:audio-decoder-ogg-vorbis: bf7c407c2cedff20999df2af8eb42d56 -> 
  custom:audio-encoder-webm-vorbis: bf7c407c2cedff20999df2af8eb42d56 -> 
========================================================================
Received Import Request.
  Time since last request: 971.571600 seconds.
  path: Assets/关卡1/aaa.unity
  artifactKey: Guid(5b04cf668a51d1442b9b96f26ba452ef) Importer(815301076,1909f56bfc062723c751e8b465ee728b)
Start importing Assets/关卡1/aaa.unity using Guid(5b04cf668a51d1442b9b96f26ba452ef) Importer(815301076,1909f56bfc062723c751e8b465ee728b)  -> (artifact id: '563b5706a55a7a9b1dac021f63c31df8') in 0.009141 seconds 
========================================================================
Received Prepare
Registering precompiled user dll's ...
Registered in 0.004162 seconds.
Begin MonoManager ReloadAssembly
Symbol file LoadedFromMemory doesn't match image D:\bugu\rouge\Library\PackageCache\com.unity.collab-proxy@1.15.15\Lib\Editor\PlasticSCM\unityplastic.dll
Native extension for WindowsStandalone target not found
Refreshing native plugins compatible for Editor in 1.02 ms, found 3 plugins.
Preloading 0 native plugins for Editor in 0.00 ms.
Mono: successfully reloaded assembly
- Completed reload, in  1.138 seconds
Domain Reload Profiling:
	ReloadAssembly (1139ms)
		BeginReloadAssembly (164ms)
			ExecutionOrderSort (0ms)
			DisableScriptedObjects (7ms)
			BackupInstance (0ms)
			ReleaseScriptingObjects (0ms)
			CreateAndSetChildDomain (39ms)
		EndReloadAssembly (896ms)
			LoadAssemblies (152ms)
			RebuildTransferFunctionScriptingTraits (0ms)
			SetupTypeCache (294ms)
			ReleaseScriptCaches (1ms)
			RebuildScriptCaches (46ms)
			SetupLoadedEditorAssemblies (339ms)
				LogAssemblyErrors (0ms)
				InitializePlatformSupportModulesInManaged (6ms)
				SetLoadedEditorAssemblies (1ms)
				RefreshPlugins (1ms)
				BeforeProcessingInitializeOnLoad (93ms)
				ProcessInitializeOnLoadAttributes (213ms)
				ProcessInitializeOnLoadMethodAttributes (13ms)
				AfterProcessingInitializeOnLoad (13ms)
				EditorAssembliesLoaded (0ms)
			ExecutionOrderSort2 (0ms)
			AwakeInstancesAfterBackupRestoration (9ms)
Platform modules already initialized, skipping
Refreshing native plugins compatible for Editor in 1.02 ms, found 3 plugins.
Preloading 0 native plugins for Editor in 0.00 ms.
Unloading 2526 Unused Serialized files (Serialized files now loaded: 0)
System memory in use before: 112.6 MB.
System memory in use after: 112.8 MB.

Unloading 16 unused Assets to reduce memory usage. Loaded Objects now: 3003.
Total: 3.211700 ms (FindLiveObjects: 0.293000 ms CreateObjectMapping: 0.110800 ms MarkObjects: 2.766000 ms  DeleteObjects: 0.040300 ms)

AssetImportParameters requested are different than current active one (requested -> active):
  custom:framework-win-MediaFoundation: 216162199b28c13a410421893ffa2e32 -> 
  custom:video-decoder-ogg-theora: a1e56fd34408186e4bbccfd4996cb3dc -> 
  custom:container-muxer-webm: aa71ff27fc2769a1b78a27578f13a17b -> 
  custom:container-demuxer-webm: 4f35f7cbe854078d1ac9338744f61a02 -> 
  custom:container-demuxer-ogg: 62fdf1f143b41e24485cea50d1cbac27 -> 
  custom:video-encoder-webm-vp8: eb34c28f22e8b96e1ab97ce403110664 -> 
  custom:video-codec-MediaFoundation-h265: 746d11721c4dcdbdad8f713fa42b33f4 -> 
  custom:video-decoder-webm-vp8: 9c59270c3fd7afecdb556c50c9e8de78 -> 
  custom:audio-decoder-ogg-vorbis: bf7c407c2cedff20999df2af8eb42d56 -> 
  custom:audio-encoder-webm-vorbis: bf7c407c2cedff20999df2af8eb42d56 -> 
========================================================================
Received Import Request.
  Time since last request: 220.328187 seconds.
  path: Assets/Scenes/ZKH/Prefebs/Player.prefab
  artifactKey: Guid(73c0e6a5b7df1c64f9057eebb3bc37bf) Importer(815301076,1909f56bfc062723c751e8b465ee728b)
Start importing Assets/Scenes/ZKH/Prefebs/Player.prefab using Guid(73c0e6a5b7df1c64f9057eebb3bc37bf) Importer(815301076,1909f56bfc062723c751e8b465ee728b)  -> (artifact id: 'f917ad4375c84c7f6fc4a9dac3bcee37') in 0.117293 seconds 
========================================================================
Received Import Request.
  Time since last request: 2.010280 seconds.
  path: Assets/Scenes/ZKH/Prefebs/Float.controller
  artifactKey: Guid(1d02fc1c0e9283e4fa941b3d918bccb7) Importer(815301076,1909f56bfc062723c751e8b465ee728b)
Start importing Assets/Scenes/ZKH/Prefebs/Float.controller using Guid(1d02fc1c0e9283e4fa941b3d918bccb7) Importer(815301076,1909f56bfc062723c751e8b465ee728b)  -> (artifact id: 'af78fa1d630a3ab583f3e32f60e5147c') in 0.007266 seconds 
========================================================================
Received Import Request.
  Time since last request: 66.606577 seconds.
  path: Assets/Scenes/ZKH/Player.unity
  artifactKey: Guid(24583cddf728fdd489eb9a5d08cc7fdc) Importer(815301076,1909f56bfc062723c751e8b465ee728b)
Start importing Assets/Scenes/ZKH/Player.unity using Guid(24583cddf728fdd489eb9a5d08cc7fdc) Importer(815301076,1909f56bfc062723c751e8b465ee728b)  -> (artifact id: '1281d42f9ade6579cfdd576555683855') in 0.003477 seconds 
========================================================================
Received Prepare
Registering precompiled user dll's ...
Registered in 0.003761 seconds.
Begin MonoManager ReloadAssembly
Symbol file LoadedFromMemory doesn't match image D:\bugu\rouge\Library\PackageCache\com.unity.collab-proxy@1.15.15\Lib\Editor\PlasticSCM\unityplastic.dll
Native extension for WindowsStandalone target not found
Refreshing native plugins compatible for Editor in 0.83 ms, found 3 plugins.
Preloading 0 native plugins for Editor in 0.00 ms.
Mono: successfully reloaded assembly
- Completed reload, in  0.893 seconds
Domain Reload Profiling:
	ReloadAssembly (893ms)
		BeginReloadAssembly (127ms)
			ExecutionOrderSort (0ms)
			DisableScriptedObjects (5ms)
			BackupInstance (0ms)
			ReleaseScriptingObjects (0ms)
			CreateAndSetChildDomain (33ms)
		EndReloadAssembly (706ms)
			LoadAssemblies (113ms)
			RebuildTransferFunctionScriptingTraits (0ms)
			SetupTypeCache (232ms)
			ReleaseScriptCaches (1ms)
			RebuildScriptCaches (37ms)
			SetupLoadedEditorAssemblies (273ms)
				LogAssemblyErrors (0ms)
				InitializePlatformSupportModulesInManaged (4ms)
				SetLoadedEditorAssemblies (2ms)
				RefreshPlugins (1ms)
				BeforeProcessingInitializeOnLoad (73ms)
				ProcessInitializeOnLoadAttributes (173ms)
				ProcessInitializeOnLoadMethodAttributes (9ms)
				AfterProcessingInitializeOnLoad (11ms)
				EditorAssembliesLoaded (0ms)
			ExecutionOrderSort2 (0ms)
			AwakeInstancesAfterBackupRestoration (7ms)
Platform modules already initialized, skipping
Refreshing native plugins compatible for Editor in 0.82 ms, found 3 plugins.
Preloading 0 native plugins for Editor in 0.00 ms.
Unloading 2526 Unused Serialized files (Serialized files now loaded: 0)
System memory in use before: 115.6 MB.
System memory in use after: 115.8 MB.

Unloading 16 unused Assets to reduce memory usage. Loaded Objects now: 3013.
Total: 2.458100 ms (FindLiveObjects: 0.157000 ms CreateObjectMapping: 0.076400 ms MarkObjects: 2.187500 ms  DeleteObjects: 0.036300 ms)

AssetImportParameters requested are different than current active one (requested -> active):
  custom:framework-win-MediaFoundation: 216162199b28c13a410421893ffa2e32 -> 
  custom:video-decoder-ogg-theora: a1e56fd34408186e4bbccfd4996cb3dc -> 
  custom:container-muxer-webm: aa71ff27fc2769a1b78a27578f13a17b -> 
  custom:container-demuxer-webm: 4f35f7cbe854078d1ac9338744f61a02 -> 
  custom:container-demuxer-ogg: 62fdf1f143b41e24485cea50d1cbac27 -> 
  custom:video-encoder-webm-vp8: eb34c28f22e8b96e1ab97ce403110664 -> 
  custom:video-codec-MediaFoundation-h265: 746d11721c4dcdbdad8f713fa42b33f4 -> 
  custom:video-decoder-webm-vp8: 9c59270c3fd7afecdb556c50c9e8de78 -> 
  custom:audio-decoder-ogg-vorbis: bf7c407c2cedff20999df2af8eb42d56 -> 
  custom:audio-encoder-webm-vorbis: bf7c407c2cedff20999df2af8eb42d56 -> 
========================================================================
Received Import Request.
  Time since last request: 153.230990 seconds.
  path: Assets/Scenes/ZYL/Scripts/BossHealthBar.cs
  artifactKey: Guid(81032586a39f70f4da277c59788a8169) Importer(815301076,1909f56bfc062723c751e8b465ee728b)
Start importing Assets/Scenes/ZYL/Scripts/BossHealthBar.cs using Guid(81032586a39f70f4da277c59788a8169) Importer(815301076,1909f56bfc062723c751e8b465ee728b)  -> (artifact id: '6ca519a738a7e9b8cb896d15f2d7d563') in 0.008891 seconds 
========================================================================
Received Import Request.
  Time since last request: 3.426770 seconds.
  path: Assets/Scenes/ZYL/Scripts/HealthPointUI.cs
  artifactKey: Guid(00132e8b372baea48aa7d2f7ca403893) Importer(815301076,1909f56bfc062723c751e8b465ee728b)
Start importing Assets/Scenes/ZYL/Scripts/HealthPointUI.cs using Guid(00132e8b372baea48aa7d2f7ca403893) Importer(815301076,1909f56bfc062723c751e8b465ee728b)  -> (artifact id: 'a1c95d722790662b67dd8ec604b70d38') in 0.003386 seconds 
========================================================================
Received Import Request.
  Time since last request: 27.996587 seconds.
  path: Assets/Scenes/ZYL/Scripts/Item.cs
  artifactKey: Guid(652fb2e2579004b45a59f060d3928f38) Importer(815301076,1909f56bfc062723c751e8b465ee728b)
Start importing Assets/Scenes/ZYL/Scripts/Item.cs using Guid(652fb2e2579004b45a59f060d3928f38) Importer(815301076,1909f56bfc062723c751e8b465ee728b)  -> (artifact id: '816aa767c91ea74c367e0da78bf2eb8f') in 0.002955 seconds 
========================================================================
Received Import Request.
  Time since last request: 14.589740 seconds.
  path: Assets/Scenes/ZYL/BagSystem/BagItems/food2.asset
  artifactKey: Guid(fd7fb8859b2b17944b1a91e3b2fb8de0) Importer(815301076,1909f56bfc062723c751e8b465ee728b)
Start importing Assets/Scenes/ZYL/BagSystem/BagItems/food2.asset using Guid(fd7fb8859b2b17944b1a91e3b2fb8de0) Importer(815301076,1909f56bfc062723c751e8b465ee728b)  -> (artifact id: 'e406de41a032473da50c0b7cdc9bb724') in 0.018894 seconds 
========================================================================
Received Import Request.
  Time since last request: 30.179678 seconds.
  path: Assets/Scenes/ZYL/Scripts/Inventory.cs
  artifactKey: Guid(f557c7e3e5f0c6e449bb64e8f4970319) Importer(815301076,1909f56bfc062723c751e8b465ee728b)
Start importing Assets/Scenes/ZYL/Scripts/Inventory.cs using Guid(f557c7e3e5f0c6e449bb64e8f4970319) Importer(815301076,1909f56bfc062723c751e8b465ee728b)  -> (artifact id: 'de3028537f13177a5771b04f087c55b1') in 0.003261 seconds 
========================================================================
Received Import Request.
  Time since last request: 15.985798 seconds.
  path: Assets/Scenes/ZYL/Scripts/InventoryManager.cs
  artifactKey: Guid(be07367f863cd0e46b3a316d29aaef4a) Importer(815301076,1909f56bfc062723c751e8b465ee728b)
Start importing Assets/Scenes/ZYL/Scripts/InventoryManager.cs using Guid(be07367f863cd0e46b3a316d29aaef4a) Importer(815301076,1909f56bfc062723c751e8b465ee728b)  -> (artifact id: 'f5bdfda40bc1d8279534f1f59bacc6cf') in 0.003493 seconds 
========================================================================
Received Import Request.
  Time since last request: 36.371849 seconds.
  path: Assets/Scenes/ZYL/Scripts/UseButton.cs
  artifactKey: Guid(a4d6cf47e14408b45a425509c59063d4) Importer(815301076,1909f56bfc062723c751e8b465ee728b)
Start importing Assets/Scenes/ZYL/Scripts/UseButton.cs using Guid(a4d6cf47e14408b45a425509c59063d4) Importer(815301076,1909f56bfc062723c751e8b465ee728b)  -> (artifact id: '58e849cbf42fd3873a93251c2ef1b55c') in 0.003487 seconds 
========================================================================
Received Import Request.
  Time since last request: 47.727654 seconds.
  path: Assets/Scenes/ZYL/Scripts/BuyButton.cs
  artifactKey: Guid(bc5ce2b47d2ccf5429eb6f7bc0d923b8) Importer(815301076,1909f56bfc062723c751e8b465ee728b)
Start importing Assets/Scenes/ZYL/Scripts/BuyButton.cs using Guid(bc5ce2b47d2ccf5429eb6f7bc0d923b8) Importer(815301076,1909f56bfc062723c751e8b465ee728b)  -> (artifact id: '5be981ff04694a068f742ed60e94fbc3') in 0.003931 seconds 
========================================================================
Received Import Request.
  Time since last request: 60.132603 seconds.
  path: Assets/Scenes/CXH/道具/Scripts/OneWayPlatform.cs
  artifactKey: Guid(69a3ee0450ff7a347935b22a3d35acc7) Importer(815301076,1909f56bfc062723c751e8b465ee728b)
Start importing Assets/Scenes/CXH/道具/Scripts/OneWayPlatform.cs using Guid(69a3ee0450ff7a347935b22a3d35acc7) Importer(815301076,1909f56bfc062723c751e8b465ee728b)  -> (artifact id: '5fe731247efc4fb43d86ba68ee870c41') in 0.004183 seconds 
========================================================================
Received Import Request.
  Time since last request: 0.458462 seconds.
  path: Assets/Scenes/CXH/道具/Scripts/TreasureBox.cs
  artifactKey: Guid(324a6af42f8dce24f940b50ac468a0a3) Importer(815301076,1909f56bfc062723c751e8b465ee728b)
Start importing Assets/Scenes/CXH/道具/Scripts/TreasureBox.cs using Guid(324a6af42f8dce24f940b50ac468a0a3) Importer(815301076,1909f56bfc062723c751e8b465ee728b)  -> (artifact id: '64dedf417cd5e5de3446636a6cd48bb0') in 0.003729 seconds 
========================================================================
Received Import Request.
  Time since last request: 1.707547 seconds.
  path: Assets/Scenes/CXH/道具/Scripts/ExplosionRange.cs
  artifactKey: Guid(5211dee0084f0e547a082be63983b970) Importer(815301076,1909f56bfc062723c751e8b465ee728b)
Start importing Assets/Scenes/CXH/道具/Scripts/ExplosionRange.cs using Guid(5211dee0084f0e547a082be63983b970) Importer(815301076,1909f56bfc062723c751e8b465ee728b)  -> (artifact id: 'edb2bff4543f4684c317c970e24a71ab') in 0.005679 seconds 
========================================================================
Received Prepare
Registering precompiled user dll's ...
Registered in 0.003219 seconds.
Begin MonoManager ReloadAssembly
Symbol file LoadedFromMemory doesn't match image D:\bugu\rouge\Library\PackageCache\com.unity.collab-proxy@1.15.15\Lib\Editor\PlasticSCM\unityplastic.dll
Native extension for WindowsStandalone target not found
Refreshing native plugins compatible for Editor in 1.12 ms, found 3 plugins.
Preloading 0 native plugins for Editor in 0.00 ms.
Mono: successfully reloaded assembly
- Completed reload, in  1.012 seconds
Domain Reload Profiling:
	ReloadAssembly (1012ms)
		BeginReloadAssembly (149ms)
			ExecutionOrderSort (0ms)
			DisableScriptedObjects (6ms)
			BackupInstance (0ms)
			ReleaseScriptingObjects (0ms)
			CreateAndSetChildDomain (37ms)
		EndReloadAssembly (790ms)
			LoadAssemblies (141ms)
			RebuildTransferFunctionScriptingTraits (0ms)
			SetupTypeCache (266ms)
			ReleaseScriptCaches (2ms)
			RebuildScriptCaches (40ms)
			SetupLoadedEditorAssemblies (284ms)
				LogAssemblyErrors (0ms)
				InitializePlatformSupportModulesInManaged (4ms)
				SetLoadedEditorAssemblies (0ms)
				RefreshPlugins (1ms)
				BeforeProcessingInitializeOnLoad (79ms)
				ProcessInitializeOnLoadAttributes (178ms)
				ProcessInitializeOnLoadMethodAttributes (10ms)
				AfterProcessingInitializeOnLoad (12ms)
				EditorAssembliesLoaded (0ms)
			ExecutionOrderSort2 (0ms)
			AwakeInstancesAfterBackupRestoration (7ms)
Platform modules already initialized, skipping
Refreshing native plugins compatible for Editor in 1.18 ms, found 3 plugins.
Preloading 0 native plugins for Editor in 0.00 ms.
Unloading 2530 Unused Serialized files (Serialized files now loaded: 0)
System memory in use before: 115.7 MB.
System memory in use after: 115.9 MB.

Unloading 16 unused Assets to reduce memory usage. Loaded Objects now: 3020.
Total: 3.089800 ms (FindLiveObjects: 0.253300 ms CreateObjectMapping: 0.177200 ms MarkObjects: 2.633200 ms  DeleteObjects: 0.024800 ms)

AssetImportParameters requested are different than current active one (requested -> active):
  custom:framework-win-MediaFoundation: 216162199b28c13a410421893ffa2e32 -> 
  custom:video-decoder-ogg-theora: a1e56fd34408186e4bbccfd4996cb3dc -> 
  custom:container-muxer-webm: aa71ff27fc2769a1b78a27578f13a17b -> 
  custom:container-demuxer-webm: 4f35f7cbe854078d1ac9338744f61a02 -> 
  custom:container-demuxer-ogg: 62fdf1f143b41e24485cea50d1cbac27 -> 
  custom:video-encoder-webm-vp8: eb34c28f22e8b96e1ab97ce403110664 -> 
  custom:video-codec-MediaFoundation-h265: 746d11721c4dcdbdad8f713fa42b33f4 -> 
  custom:video-decoder-webm-vp8: 9c59270c3fd7afecdb556c50c9e8de78 -> 
  custom:audio-decoder-ogg-vorbis: bf7c407c2cedff20999df2af8eb42d56 -> 
  custom:audio-encoder-webm-vorbis: bf7c407c2cedff20999df2af8eb42d56 -> 
========================================================================
Received Import Request.
  Time since last request: 61.009616 seconds.
  path: Assets/Scenes/CXH/道具/Scripts/DataSave.cs
  artifactKey: Guid(8df7b9d96e225c74ab3ea6b3b817d695) Importer(815301076,1909f56bfc062723c751e8b465ee728b)
Start importing Assets/Scenes/CXH/道具/Scripts/DataSave.cs using Guid(8df7b9d96e225c74ab3ea6b3b817d695) Importer(815301076,1909f56bfc062723c751e8b465ee728b)  -> (artifact id: '189cf686ecf12884a296f3eaebf9175a') in 0.006349 seconds 
========================================================================
Received Import Request.
  Time since last request: 216.993681 seconds.
  path: Assets/Scenes/CXH/道具/Scripts/MoveablePlatform.cs
  artifactKey: Guid(62d70ef38789898419d640c12e016abd) Importer(815301076,1909f56bfc062723c751e8b465ee728b)
Start importing Assets/Scenes/CXH/道具/Scripts/MoveablePlatform.cs using Guid(62d70ef38789898419d640c12e016abd) Importer(815301076,1909f56bfc062723c751e8b465ee728b)  -> (artifact id: '376ee85e88cf86cf4f85761bf8dbe529') in 0.003419 seconds 
========================================================================
Received Import Request.
  Time since last request: 276.473353 seconds.
  path: Assets/Scenes/CXH/道具/Scripts/Food.cs
  artifactKey: Guid(f8b93fc89dbd525429ce2e0f0c760854) Importer(815301076,1909f56bfc062723c751e8b465ee728b)
Start importing Assets/Scenes/CXH/道具/Scripts/Food.cs using Guid(f8b93fc89dbd525429ce2e0f0c760854) Importer(815301076,1909f56bfc062723c751e8b465ee728b)  -> (artifact id: 'fb9c9a7690dc10ce1702e5918b9de384') in 0.003334 seconds 
========================================================================
Received Import Request.
  Time since last request: 0.706182 seconds.
  path: Assets/Scenes/CXH/道具/Scripts/Coin.cs
  artifactKey: Guid(92b910b24e38a954682cd554adf5e559) Importer(815301076,1909f56bfc062723c751e8b465ee728b)
Start importing Assets/Scenes/CXH/道具/Scripts/Coin.cs using Guid(92b910b24e38a954682cd554adf5e559) Importer(815301076,1909f56bfc062723c751e8b465ee728b)  -> (artifact id: '3439fb30dd0b077a5f744c548d7c45ee') in 0.002823 seconds 
========================================================================
Received Prepare
Registering precompiled user dll's ...
Registered in 0.003716 seconds.
Begin MonoManager ReloadAssembly
Symbol file LoadedFromMemory doesn't match image D:\bugu\rouge\Library\PackageCache\com.unity.collab-proxy@1.15.15\Lib\Editor\PlasticSCM\unityplastic.dll
Native extension for WindowsStandalone target not found
Refreshing native plugins compatible for Editor in 0.99 ms, found 3 plugins.
Preloading 0 native plugins for Editor in 0.00 ms.
Mono: successfully reloaded assembly
- Completed reload, in  1.207 seconds
Domain Reload Profiling:
	ReloadAssembly (1208ms)
		BeginReloadAssembly (174ms)
			ExecutionOrderSort (0ms)
			DisableScriptedObjects (8ms)
			BackupInstance (0ms)
			ReleaseScriptingObjects (0ms)
			CreateAndSetChildDomain (39ms)
		EndReloadAssembly (955ms)
			LoadAssemblies (166ms)
			RebuildTransferFunctionScriptingTraits (0ms)
			SetupTypeCache (314ms)
			ReleaseScriptCaches (2ms)
			RebuildScriptCaches (47ms)
			SetupLoadedEditorAssemblies (364ms)
				LogAssemblyErrors (0ms)
				InitializePlatformSupportModulesInManaged (6ms)
				SetLoadedEditorAssemblies (1ms)
				RefreshPlugins (1ms)
				BeforeProcessingInitializeOnLoad (98ms)
				ProcessInitializeOnLoadAttributes (228ms)
				ProcessInitializeOnLoadMethodAttributes (15ms)
				AfterProcessingInitializeOnLoad (16ms)
				EditorAssembliesLoaded (0ms)
			ExecutionOrderSort2 (0ms)
			AwakeInstancesAfterBackupRestoration (10ms)
Platform modules already initialized, skipping
Refreshing native plugins compatible for Editor in 0.99 ms, found 3 plugins.
Preloading 0 native plugins for Editor in 0.00 ms.
Unloading 2530 Unused Serialized files (Serialized files now loaded: 0)
System memory in use before: 115.7 MB.
System memory in use after: 115.9 MB.

Unloading 16 unused Assets to reduce memory usage. Loaded Objects now: 3023.
Total: 2.963500 ms (FindLiveObjects: 0.213800 ms CreateObjectMapping: 0.078500 ms MarkObjects: 2.643100 ms  DeleteObjects: 0.026500 ms)

AssetImportParameters requested are different than current active one (requested -> active):
  custom:framework-win-MediaFoundation: 216162199b28c13a410421893ffa2e32 -> 
  custom:video-decoder-ogg-theora: a1e56fd34408186e4bbccfd4996cb3dc -> 
  custom:container-muxer-webm: aa71ff27fc2769a1b78a27578f13a17b -> 
  custom:container-demuxer-webm: 4f35f7cbe854078d1ac9338744f61a02 -> 
  custom:container-demuxer-ogg: 62fdf1f143b41e24485cea50d1cbac27 -> 
  custom:video-encoder-webm-vp8: eb34c28f22e8b96e1ab97ce403110664 -> 
  custom:video-codec-MediaFoundation-h265: 746d11721c4dcdbdad8f713fa42b33f4 -> 
  custom:video-decoder-webm-vp8: 9c59270c3fd7afecdb556c50c9e8de78 -> 
  custom:audio-decoder-ogg-vorbis: bf7c407c2cedff20999df2af8eb42d56 -> 
  custom:audio-encoder-webm-vorbis: bf7c407c2cedff20999df2af8eb42d56 -> 
========================================================================
Received Prepare
Registering precompiled user dll's ...
Registered in 0.005024 seconds.
Begin MonoManager ReloadAssembly
Symbol file LoadedFromMemory doesn't match image D:\bugu\rouge\Library\PackageCache\com.unity.collab-proxy@1.15.15\Lib\Editor\PlasticSCM\unityplastic.dll
Native extension for WindowsStandalone target not found
Refreshing native plugins compatible for Editor in 0.93 ms, found 3 plugins.
Preloading 0 native plugins for Editor in 0.00 ms.
Mono: successfully reloaded assembly
- Completed reload, in  1.045 seconds
Domain Reload Profiling:
	ReloadAssembly (1046ms)
		BeginReloadAssembly (119ms)
			ExecutionOrderSort (0ms)
			DisableScriptedObjects (4ms)
			BackupInstance (0ms)
			ReleaseScriptingObjects (0ms)
			CreateAndSetChildDomain (27ms)
		EndReloadAssembly (868ms)
			LoadAssemblies (109ms)
			RebuildTransferFunctionScriptingTraits (0ms)
			SetupTypeCache (271ms)
			ReleaseScriptCaches (1ms)
			RebuildScriptCaches (44ms)
			SetupLoadedEditorAssemblies (359ms)
				LogAssemblyErrors (0ms)
				InitializePlatformSupportModulesInManaged (5ms)
				SetLoadedEditorAssemblies (0ms)
				RefreshPlugins (1ms)
				BeforeProcessingInitializeOnLoad (101ms)
				ProcessInitializeOnLoadAttributes (222ms)
				ProcessInitializeOnLoadMethodAttributes (15ms)
				AfterProcessingInitializeOnLoad (15ms)
				EditorAssembliesLoaded (0ms)
			ExecutionOrderSort2 (0ms)
			AwakeInstancesAfterBackupRestoration (10ms)
Platform modules already initialized, skipping
Refreshing native plugins compatible for Editor in 1.30 ms, found 3 plugins.
Preloading 0 native plugins for Editor in 0.00 ms.
Unloading 2530 Unused Serialized files (Serialized files now loaded: 0)
System memory in use before: 115.8 MB.
System memory in use after: 116.0 MB.

Unloading 16 unused Assets to reduce memory usage. Loaded Objects now: 3026.
Total: 3.030300 ms (FindLiveObjects: 0.197900 ms CreateObjectMapping: 0.067400 ms MarkObjects: 2.728700 ms  DeleteObjects: 0.035000 ms)

AssetImportParameters requested are different than current active one (requested -> active):
  custom:framework-win-MediaFoundation: 216162199b28c13a410421893ffa2e32 -> 
  custom:video-decoder-ogg-theora: a1e56fd34408186e4bbccfd4996cb3dc -> 
  custom:container-muxer-webm: aa71ff27fc2769a1b78a27578f13a17b -> 
  custom:container-demuxer-webm: 4f35f7cbe854078d1ac9338744f61a02 -> 
  custom:container-demuxer-ogg: 62fdf1f143b41e24485cea50d1cbac27 -> 
  custom:video-encoder-webm-vp8: eb34c28f22e8b96e1ab97ce403110664 -> 
  custom:video-codec-MediaFoundation-h265: 746d11721c4dcdbdad8f713fa42b33f4 -> 
  custom:video-decoder-webm-vp8: 9c59270c3fd7afecdb556c50c9e8de78 -> 
  custom:audio-decoder-ogg-vorbis: bf7c407c2cedff20999df2af8eb42d56 -> 
  custom:audio-encoder-webm-vorbis: bf7c407c2cedff20999df2af8eb42d56 -> 
========================================================================
Received Import Request.
  Time since last request: 193.237700 seconds.
  path: Assets/Scenes/CXH/道具/Prefebs/GoldenBox.prefab
  artifactKey: Guid(48c7e397246f4ca448b503048910fc12) Importer(815301076,1909f56bfc062723c751e8b465ee728b)
Start importing Assets/Scenes/CXH/道具/Prefebs/GoldenBox.prefab using Guid(48c7e397246f4ca448b503048910fc12) Importer(815301076,1909f56bfc062723c751e8b465ee728b)  -> (artifact id: '58233446874c0065129be86360474a57') in 0.079408 seconds 
AssetImportWorkerClient::OnTransportError - code=2 error=End of file
